2026-07-02T09:52:24.865+0000 [DEBUG] [org.gradle.internal.nativeintegration.services.NativeServices] Native-platform is not available.
net.rubygrapefruit.platform.NativeIntegrationUnavailableException: Native integration is not available for Linux arm.
	at net.rubygrapefruit.platform.internal.Platform.getLibraryName(Platform.java:120)
	at net.rubygrapefruit.platform.Native.init(Native.java:60)
	at org.gradle.internal.nativeintegration.services.NativeServices.<init>(NativeServices.java:309)
	at org.gradle.internal.nativeintegration.services.NativeServices.initialize(NativeServices.java:288)
	at org.gradle.internal.nativeintegration.services.NativeServices.initializeOnClient(NativeServices.java:259)
	at org.gradle.launcher.cli.NativeServicesInitializingAction.execute(NativeServicesInitializingAction.java:48)
	at org.gradle.launcher.cli.NativeServicesInitializingAction.execute(NativeServicesInitializingAction.java:27)
	at org.gradle.launcher.cli.ExceptionReportingAction.execute(ExceptionReportingAction.java:41)
	at org.gradle.launcher.cli.ExceptionReportingAction.execute(ExceptionReportingAction.java:26)
	at org.gradle.launcher.cli.DefaultCommandLineActionFactory$WithLogging.execute(DefaultCommandLineActionFactory.java:483)
	at org.gradle.launcher.Main.doAction(Main.java:35)
	at org.gradle.launcher.bootstrap.EntryPoint.run(EntryPoint.java:52)
	at java.base/jdk.internal.reflect.DirectMethodHandleAccessor.invoke(DirectMethodHandleAccessor.java:103)
	at java.base/java.lang.reflect.Method.invoke(Method.java:580)
	at org.gradle.launcher.bootstrap.ProcessBootstrap.runNoExit(ProcessBootstrap.java:72)
	at org.gradle.launcher.bootstrap.ProcessBootstrap.run(ProcessBootstrap.java:39)
	at org.gradle.launcher.GradleMain.main(GradleMain.java:31)
	at java.base/jdk.internal.reflect.DirectMethodHandleAccessor.invoke(DirectMethodHandleAccessor.java:103)
	at java.base/java.lang.reflect.Method.invoke(Method.java:580)
	at org.gradle.wrapper.GradleWrapperMain.main(SourceFile:70)
2026-07-02T09:52:25.316+0000 [INFO] [org.gradle.internal.nativeintegration.services.NativeServices] Initialized native services in: /data/data/com.termux/files/home/.gradle/native
2026-07-02T09:52:25.380+0000 [INFO] [org.gradle.internal.nativeintegration.services.NativeServices] Initialized jansi services in: /data/data/com.termux/files/home/.gradle/native
2026-07-02T09:52:25.584+0000 [LIFECYCLE] [org.gradle.launcher.cli.DebugLoggerWarningAction] 
#############################################################################
   WARNING WARNING WARNING WARNING WARNING WARNING WARNING WARNING WARNING

   Debug level logging will leak security sensitive information!

   For more details, please refer to https://docs.gradle.org/8.14.3/userguide/logging.html#sec:debug_security in the Gradle documentation.
#############################################################################

2026-07-02T09:52:25.977+0000 [DEBUG] [org.gradle.internal.nativeintegration.filesystem.services.FileSystemServices] Native-platform file system integration is not available. Continuing with fallback.
2026-07-02T09:52:25.996+0000 [DEBUG] [org.gradle.internal.nativeintegration.filesystem.services.FileSystemServices] Using Jdk7Symlink implementation as symlink.
2026-07-02T09:52:26.551+0000 [DEBUG] [org.gradle.internal.remote.internal.inet.InetAddresses] Adding IP addresses for network interface wlan0
2026-07-02T09:52:26.553+0000 [DEBUG] [org.gradle.internal.remote.internal.inet.InetAddresses] Is this a loopback interface? false
2026-07-02T09:52:26.554+0000 [DEBUG] [org.gradle.internal.remote.internal.inet.InetAddresses] Adding remote address /192.168.1.8
2026-07-02T09:52:26.554+0000 [DEBUG] [org.gradle.internal.remote.internal.inet.InetAddresses] Adding IP addresses for network interface lo
2026-07-02T09:52:26.555+0000 [DEBUG] [org.gradle.internal.remote.internal.inet.InetAddresses] Is this a loopback interface? true
2026-07-02T09:52:26.555+0000 [DEBUG] [org.gradle.internal.remote.internal.inet.InetAddresses] Adding loopback address /127.0.0.1
2026-07-02T09:52:26.936+0000 [DEBUG] [org.gradle.cache.internal.DefaultCacheCoordinator] Creating new cache for metadata, path /data/data/com.termux/files/home/.gradle/caches/8.14.3/jvms/metadata.bin, access org.gradle.cache.internal.DefaultCacheCoordinator@d172f
2026-07-02T09:52:27.666+0000 [DEBUG] [org.gradle.launcher.daemon.client.DaemonClient] Executing build 834af8d2-2fbb-46c6-ae8c-c0da0930dda7 in daemon client {pid=12984}
2026-07-02T09:52:27.704+0000 [DEBUG] [org.gradle.cache.internal.DefaultFileLockManager] Waiting to acquire shared lock on daemon addresses registry.
2026-07-02T09:52:27.733+0000 [DEBUG] [org.gradle.cache.internal.DefaultFileLockManager] Lock acquired on daemon addresses registry.
2026-07-02T09:52:27.778+0000 [DEBUG] [org.gradle.cache.internal.DefaultFileLockManager] Releasing lock on daemon addresses registry.
2026-07-02T09:52:27.802+0000 [DEBUG] [org.gradle.internal.remote.internal.inet.TcpOutgoingConnector] Attempting to connect to [401b262f-17b1-4b1f-b249-7ea8ddd92d24 port:44939, addresses:[/127.0.0.1]].
2026-07-02T09:52:27.803+0000 [DEBUG] [org.gradle.internal.remote.internal.inet.TcpOutgoingConnector] Trying to connect to address /127.0.0.1.
2026-07-02T09:52:27.830+0000 [DEBUG] [org.gradle.internal.remote.internal.inet.TcpOutgoingConnector] Connected to address /127.0.0.1:44939.
2026-07-02T09:52:27.941+0000 [DEBUG] [org.gradle.launcher.daemon.client.DaemonClient] Connected to daemon DaemonInfo{pid=10966, address=[401b262f-17b1-4b1f-b249-7ea8ddd92d24 port:44939, addresses:[/127.0.0.1]], state=Idle, lastBusy=1782985935997, context=DefaultDaemonContext[uid=426ca4a0-35c2-4144-9cce-9e58620c682d,javaHome=/data/data/com.termux/files/usr/lib/jvm/java-21-openjdk,javaVersion=21,javaVendor=Termux,daemonRegistryDir=/data/data/com.termux/files/home/.gradle/daemon,pid=10966,idleTimeout=10800000,priority=NORMAL,applyInstrumentationAgent=true,nativeServicesMode=ENABLED,daemonOpts=-Xmx1024M,-Dfile.encoding=UTF-8,-Duser.country,-Duser.language=en,-Duser.variant]}. Dispatching request Build{id=834af8d2-2fbb-46c6-ae8c-c0da0930dda7, currentDir=/data/data/com.termux/files/home/Crystal-Launcher-3_openjdk}.
2026-07-02T09:52:27.941+0000 [DEBUG] [org.gradle.launcher.daemon.client.DaemonClientConnection] thread 1: dispatching class org.gradle.launcher.daemon.protocol.Build
2026-07-02T09:52:28.090+0000 [DEBUG] [org.gradle.launcher.daemon.client.DaemonClient] Received result org.gradle.launcher.daemon.protocol.BuildStarted@1078690 from daemon DaemonInfo{pid=10966, address=[401b262f-17b1-4b1f-b249-7ea8ddd92d24 port:44939, addresses:[/127.0.0.1]], state=Idle, lastBusy=1782985935997, context=DefaultDaemonContext[uid=426ca4a0-35c2-4144-9cce-9e58620c682d,javaHome=/data/data/com.termux/files/usr/lib/jvm/java-21-openjdk,javaVersion=21,javaVendor=Termux,daemonRegistryDir=/data/data/com.termux/files/home/.gradle/daemon,pid=10966,idleTimeout=10800000,priority=NORMAL,applyInstrumentationAgent=true,nativeServicesMode=ENABLED,daemonOpts=-Xmx1024M,-Dfile.encoding=UTF-8,-Duser.country,-Duser.language=en,-Duser.variant]} (build should be starting).
2026-07-02T09:52:28.092+0000 [INFO] [org.gradle.launcher.daemon.server.exec.LogToClient] The client will now receive all logging from the daemon (pid: 10966). The daemon log file: /data/data/com.termux/files/home/.gradle/daemon/8.14.3/daemon-10966.out.log
2026-07-02T09:52:28.097+0000 [INFO] [org.gradle.launcher.daemon.server.exec.LogAndCheckHealth] Starting 4th build in daemon [uptime: 1 mins 45.732 secs, performance: 99%, GC rate: 0.00/s, heap usage: 0% of 1 GiB]
2026-07-02T09:52:28.104+0000 [DEBUG] [org.gradle.launcher.daemon.server.exec.ExecuteBuild] The daemon has started executing the build.
2026-07-02T09:52:28.108+0000 [DEBUG] [org.gradle.launcher.daemon.server.exec.ExecuteBuild] Executing build with daemon context: DefaultDaemonContext[uid=426ca4a0-35c2-4144-9cce-9e58620c682d,javaHome=/data/data/com.termux/files/usr/lib/jvm/java-21-openjdk,javaVersion=21,javaVendor=Termux,daemonRegistryDir=/data/data/com.termux/files/home/.gradle/daemon,pid=10966,idleTimeout=10800000,priority=NORMAL,applyInstrumentationAgent=true,nativeServicesMode=ENABLED,daemonOpts=-Xmx1024M,-Dfile.encoding=UTF-8,-Duser.country,-Duser.language=en,-Duser.variant]
2026-07-02T09:52:28.127+0000 [INFO] [org.gradle.internal.work.DefaultWorkerLeaseService] Using 8 worker leases.
2026-07-02T09:52:28.129+0000 [DEBUG] [org.gradle.internal.resources.AbstractTrackedResourceLock] Daemon worker: acquired lock on worker lease
2026-07-02T09:52:28.131+0000 [DEBUG] [org.gradle.internal.operations.DefaultBuildOperationRunner] Build operation 'Run build' started
2026-07-02T09:52:28.134+0000 [WARN] [org.gradle.internal.featurelifecycle.LoggingIncubatingFeatureHandler] Configuration on demand is an incubating feature.
2026-07-02T09:52:28.187+0000 [DEBUG] [org.gradle.cache.internal.DefaultCacheCoordinator] Creating new cache for fileHashes, path /data/data/com.termux/files/home/Crystal-Launcher-3_openjdk/.gradle/8.14.3/fileHashes/fileHashes.bin, access org.gradle.cache.internal.DefaultCacheCoordinator@b2883c
2026-07-02T09:52:28.191+0000 [DEBUG] [org.gradle.cache.internal.LockOnDemandCrossProcessCacheAccess] Acquiring file lock for file hash cache (/data/data/com.termux/files/home/Crystal-Launcher-3_openjdk/.gradle/8.14.3/fileHashes)
2026-07-02T09:52:28.194+0000 [DEBUG] [org.gradle.cache.internal.DefaultFileLockManager] Waiting to acquire exclusive lock on file hash cache (/data/data/com.termux/files/home/Crystal-Launcher-3_openjdk/.gradle/8.14.3/fileHashes).
2026-07-02T09:52:28.197+0000 [DEBUG] [org.gradle.cache.internal.DefaultFileLockManager] Lock acquired on file hash cache (/data/data/com.termux/files/home/Crystal-Launcher-3_openjdk/.gradle/8.14.3/fileHashes).
2026-07-02T09:52:28.203+0000 [DEBUG] [org.gradle.cache.internal.DefaultCacheCoordinator] Creating new cache for outputFiles, path /data/data/com.termux/files/home/Crystal-Launcher-3_openjdk/.gradle/buildOutputCleanup/outputFiles.bin, access org.gradle.cache.internal.DefaultCacheCoordinator@69fd86
2026-07-02T09:52:28.207+0000 [DEBUG] [org.gradle.cache.internal.LockOnDemandCrossProcessCacheAccess] Acquiring file lock for Build Output Cleanup Cache (/data/data/com.termux/files/home/Crystal-Launcher-3_openjdk/.gradle/buildOutputCleanup)
2026-07-02T09:52:28.210+0000 [DEBUG] [org.gradle.cache.internal.DefaultFileLockManager] Waiting to acquire exclusive lock on Build Output Cleanup Cache (/data/data/com.termux/files/home/Crystal-Launcher-3_openjdk/.gradle/buildOutputCleanup).
2026-07-02T09:52:28.212+0000 [DEBUG] [org.gradle.cache.internal.DefaultFileLockManager] Lock acquired on Build Output Cleanup Cache (/data/data/com.termux/files/home/Crystal-Launcher-3_openjdk/.gradle/buildOutputCleanup).
2026-07-02T09:52:28.217+0000 [DEBUG] [org.gradle.cache.internal.DefaultCacheCoordinator] Creating new cache for resourceHashesCache, path /data/data/com.termux/files/home/Crystal-Launcher-3_openjdk/.gradle/8.14.3/fileHashes/resourceHashesCache.bin, access org.gradle.cache.internal.DefaultCacheCoordinator@b2883c
2026-07-02T09:52:28.237+0000 [INFO] [org.gradle.tooling.internal.provider.FileSystemWatchingBuildActionRunner] Watching the file system is configured to be enabled if available
2026-07-02T09:52:28.238+0000 [DEBUG] [org.gradle.tooling.internal.provider.FileSystemWatchingBuildActionRunner] Watching the file system computed to be enabled if available
2026-07-02T09:52:28.240+0000 [DEBUG] [org.gradle.internal.operations.DefaultBuildOperationRunner] Build operation 'Build started for file system watching' started
2026-07-02T09:52:28.242+0000 [DEBUG] [org.gradle.internal.operations.DefaultBuildOperationRunner] Completing Build operation 'Build started for file system watching'
2026-07-02T09:52:28.243+0000 [DEBUG] [org.gradle.internal.operations.DefaultBuildOperationRunner] Build operation 'Build started for file system watching' completed
2026-07-02T09:52:28.245+0000 [INFO] [org.gradle.tooling.internal.provider.FileSystemWatchingBuildActionRunner] File system watching is inactive
2026-07-02T09:52:28.248+0000 [DEBUG] [org.gradle.internal.operations.DefaultBuildOperationRunner] Build operation 'Load build' started
2026-07-02T09:52:28.253+0000 [DEBUG] [org.gradle.initialization.properties.DefaultProjectPropertiesLoader] Found env project properties: []
2026-07-02T09:52:28.255+0000 [DEBUG] [org.gradle.initialization.properties.DefaultProjectPropertiesLoader] Found system project properties: []
2026-07-02T09:52:28.259+0000 [DEBUG] [org.gradle.initialization.DefaultSettingsLoader] Loading build definition for build: ':'
2026-07-02T09:52:28.261+0000 [DEBUG] [org.gradle.internal.operations.DefaultBuildOperationRunner] Build operation 'Evaluate settings' started
2026-07-02T09:52:28.284+0000 [INFO] [org.gradle.internal.buildevents.BuildLogger] Starting Build
2026-07-02T09:52:28.285+0000 [DEBUG] [org.gradle.internal.buildevents.BuildLogger] Gradle user home: /data/data/com.termux/files/home/.gradle
2026-07-02T09:52:28.287+0000 [DEBUG] [org.gradle.internal.buildevents.BuildLogger] Current dir: /data/data/com.termux/files/home/Crystal-Launcher-3_openjdk
2026-07-02T09:52:28.288+0000 [DEBUG] [org.gradle.internal.buildevents.BuildLogger] Settings file: null
2026-07-02T09:52:28.290+0000 [DEBUG] [org.gradle.internal.buildevents.BuildLogger] Build file: null
2026-07-02T09:52:28.299+0000 [DEBUG] [org.gradle.internal.operations.DefaultBuildOperationRunner] Build operation 'Apply settings file 'settings.gradle' to settings 'Crystal-Launcher-3_openjdk'' started
2026-07-02T09:52:28.308+0000 [DEBUG] [org.gradle.cache.internal.DefaultCacheCoordinator] Creating new cache for md5-checksums, path /data/data/com.termux/files/home/Crystal-Launcher-3_openjdk/.gradle/8.14.3/checksums/md5-checksums.bin, access org.gradle.cache.internal.DefaultCacheCoordinator@9d69a3
2026-07-02T09:52:28.311+0000 [DEBUG] [org.gradle.cache.internal.LockOnDemandCrossProcessCacheAccess] Acquiring file lock for checksums cache (/data/data/com.termux/files/home/Crystal-Launcher-3_openjdk/.gradle/8.14.3/checksums)
2026-07-02T09:52:28.318+0000 [DEBUG] [org.gradle.cache.internal.DefaultFileLockManager] Waiting to acquire exclusive lock on checksums cache (/data/data/com.termux/files/home/Crystal-Launcher-3_openjdk/.gradle/8.14.3/checksums).
2026-07-02T09:52:28.320+0000 [DEBUG] [org.gradle.cache.internal.DefaultFileLockManager] Lock acquired on checksums cache (/data/data/com.termux/files/home/Crystal-Launcher-3_openjdk/.gradle/8.14.3/checksums).
2026-07-02T09:52:28.324+0000 [DEBUG] [org.gradle.cache.internal.DefaultCacheCoordinator] Creating new cache for sha1-checksums, path /data/data/com.termux/files/home/Crystal-Launcher-3_openjdk/.gradle/8.14.3/checksums/sha1-checksums.bin, access org.gradle.cache.internal.DefaultCacheCoordinator@9d69a3
2026-07-02T09:52:28.326+0000 [DEBUG] [org.gradle.cache.internal.DefaultCacheCoordinator] Creating new cache for sha256-checksums, path /data/data/com.termux/files/home/Crystal-Launcher-3_openjdk/.gradle/8.14.3/checksums/sha256-checksums.bin, access org.gradle.cache.internal.DefaultCacheCoordinator@9d69a3
2026-07-02T09:52:28.328+0000 [DEBUG] [org.gradle.cache.internal.DefaultCacheCoordinator] Creating new cache for sha512-checksums, path /data/data/com.termux/files/home/Crystal-Launcher-3_openjdk/.gradle/8.14.3/checksums/sha512-checksums.bin, access org.gradle.cache.internal.DefaultCacheCoordinator@9d69a3
2026-07-02T09:52:28.344+0000 [DEBUG] [org.gradle.cache.internal.DefaultCacheCoordinator] Creating new cache for workingDirs, path /data/data/com.termux/files/home/Crystal-Launcher-3_openjdk/.gradle/8.14.3/vcsMetadata/workingDirs.bin, access org.gradle.cache.internal.DefaultCacheCoordinator@1733ebb
2026-07-02T09:52:28.351+0000 [DEBUG] [org.gradle.api.internal.artifacts.mvnsettings.DefaultLocalMavenRepositoryLocator] No local repository in Settings file defined. Using default path: /data/data/com.termux/files/home/.m2/repository
2026-07-02T09:52:28.361+0000 [DEBUG] [org.gradle.cache.internal.DefaultCacheCoordinator] Creating new cache for md-supplier, path /data/data/com.termux/files/home/.gradle/caches/8.14.3/md-supplier/md-supplier.bin, access org.gradle.cache.internal.DefaultCacheCoordinator@1afa0af
2026-07-02T09:52:28.364+0000 [DEBUG] [org.gradle.cache.internal.LockOnDemandCrossProcessCacheAccess] Acquiring file lock for cache directory md-supplier (/data/data/com.termux/files/home/.gradle/caches/8.14.3/md-supplier)
2026-07-02T09:52:28.367+0000 [DEBUG] [org.gradle.cache.internal.DefaultFileLockManager] Waiting to acquire exclusive lock on cache directory md-supplier (/data/data/com.termux/files/home/.gradle/caches/8.14.3/md-supplier).
2026-07-02T09:52:28.370+0000 [DEBUG] [org.gradle.cache.internal.DefaultFileLockManager] Lock acquired on cache directory md-supplier (/data/data/com.termux/files/home/.gradle/caches/8.14.3/md-supplier).
2026-07-02T09:52:28.376+0000 [DEBUG] [org.gradle.cache.internal.DefaultCacheCoordinator] Creating new cache for md-rule, path /data/data/com.termux/files/home/.gradle/caches/8.14.3/md-rule/md-rule.bin, access org.gradle.cache.internal.DefaultCacheCoordinator@1d703bf
2026-07-02T09:52:28.380+0000 [DEBUG] [org.gradle.cache.internal.LockOnDemandCrossProcessCacheAccess] Acquiring file lock for cache directory md-rule (/data/data/com.termux/files/home/.gradle/caches/8.14.3/md-rule)
2026-07-02T09:52:28.382+0000 [DEBUG] [org.gradle.cache.internal.DefaultFileLockManager] Waiting to acquire exclusive lock on cache directory md-rule (/data/data/com.termux/files/home/.gradle/caches/8.14.3/md-rule).
2026-07-02T09:52:28.385+0000 [DEBUG] [org.gradle.cache.internal.DefaultFileLockManager] Lock acquired on cache directory md-rule (/data/data/com.termux/files/home/.gradle/caches/8.14.3/md-rule).
2026-07-02T09:52:28.408+0000 [DEBUG] [org.gradle.internal.locking.LockFileReaderWriter] Lockfiles root: /data/data/com.termux/files/home/Crystal-Launcher-3_openjdk/gradle/dependency-locks
2026-07-02T09:52:28.441+0000 [DEBUG] [org.gradle.internal.operations.DefaultBuildOperationRunner] Completing Build operation 'Apply settings file 'settings.gradle' to settings 'Crystal-Launcher-3_openjdk''
2026-07-02T09:52:28.443+0000 [DEBUG] [org.gradle.internal.operations.DefaultBuildOperationRunner] Build operation 'Apply settings file 'settings.gradle' to settings 'Crystal-Launcher-3_openjdk'' completed
2026-07-02T09:52:28.445+0000 [DEBUG] [org.gradle.initialization.ScriptEvaluatingSettingsProcessor] Timing: Processing settings took: 0.177 secs
2026-07-02T09:52:28.447+0000 [INFO] [org.gradle.internal.buildevents.BuildLogger] Settings evaluated using settings file '/data/data/com.termux/files/home/Crystal-Launcher-3_openjdk/settings.gradle'.
2026-07-02T09:52:28.450+0000 [DEBUG] [org.gradle.caching.configuration.internal.DefaultBuildCacheConfiguration] Found class org.gradle.caching.local.internal.DirectoryBuildCacheServiceFactory registered for class org.gradle.caching.local.DirectoryBuildCache
2026-07-02T09:52:28.452+0000 [DEBUG] [org.gradle.internal.operations.DefaultBuildOperationRunner] Build operation 'Finalize build cache configuration' started
2026-07-02T09:52:28.454+0000 [DEBUG] [org.gradle.internal.operations.DefaultBuildOperationRunner] Completing Build operation 'Finalize build cache configuration'
2026-07-02T09:52:28.455+0000 [DEBUG] [org.gradle.internal.operations.DefaultBuildOperationRunner] Build operation 'Finalize build cache configuration' completed
2026-07-02T09:52:28.458+0000 [DEBUG] [org.gradle.internal.operations.DefaultBuildOperationRunner] Completing Build operation 'Evaluate settings'
2026-07-02T09:52:28.459+0000 [DEBUG] [org.gradle.internal.operations.DefaultBuildOperationRunner] Build operation 'Evaluate settings' completed
2026-07-02T09:52:28.470+0000 [DEBUG] [org.gradle.internal.operations.DefaultBuildOperationRunner] Completing Build operation 'Load build'
2026-07-02T09:52:28.471+0000 [DEBUG] [org.gradle.internal.operations.DefaultBuildOperationRunner] Build operation 'Load build' completed
2026-07-02T09:52:28.473+0000 [DEBUG] [org.gradle.internal.operations.DefaultBuildOperationRunner] Build operation 'Configure build' started
2026-07-02T09:52:28.479+0000 [DEBUG] [org.gradle.internal.operations.DefaultBuildOperationRunner] Build operation 'Load projects' started
2026-07-02T09:52:28.535+0000 [DEBUG] [org.gradle.initialization.ProjectPropertySettingBuildLoader] Looking for project properties from: /data/data/com.termux/files/home/Crystal-Launcher-3_openjdk/gradle.properties
2026-07-02T09:52:28.537+0000 [DEBUG] [org.gradle.initialization.ProjectPropertySettingBuildLoader] Adding project properties (if not overwritten by user properties): [android.nonTransitiveRClass, android.nonFinalResIds, org.gradle.configureondemand, org.gradle.jvmargs, android.useAndroidX, android.bundle.language.enableSplit]
2026-07-02T09:52:28.545+0000 [DEBUG] [org.gradle.initialization.ProjectPropertySettingBuildLoader] Looking for project properties from: /data/data/com.termux/files/home/Crystal-Launcher-3_openjdk/app_pojavlauncher/gradle.properties
2026-07-02T09:52:28.547+0000 [DEBUG] [org.gradle.initialization.ProjectPropertySettingBuildLoader] project property file does not exists. We continue!
2026-07-02T09:52:28.549+0000 [DEBUG] [org.gradle.initialization.ProjectPropertySettingBuildLoader] Looking for project properties from: /data/data/com.termux/files/home/Crystal-Launcher-3_openjdk/forge_installer/gradle.properties
2026-07-02T09:52:28.550+0000 [DEBUG] [org.gradle.initialization.ProjectPropertySettingBuildLoader] project property file does not exists. We continue!
2026-07-02T09:52:28.552+0000 [DEBUG] [org.gradle.initialization.ProjectPropertySettingBuildLoader] Looking for project properties from: /data/data/com.termux/files/home/Crystal-Launcher-3_openjdk/glfw/gradle.properties
2026-07-02T09:52:28.554+0000 [DEBUG] [org.gradle.initialization.ProjectPropertySettingBuildLoader] project property file does not exists. We continue!
2026-07-02T09:52:28.556+0000 [DEBUG] [org.gradle.initialization.ProjectPropertySettingBuildLoader] Looking for project properties from: /data/data/com.termux/files/home/Crystal-Launcher-3_openjdk/glfw/android-gradle/gradle.properties
2026-07-02T09:52:28.557+0000 [DEBUG] [org.gradle.initialization.ProjectPropertySettingBuildLoader] project property file does not exists. We continue!
2026-07-02T09:52:28.560+0000 [DEBUG] [org.gradle.internal.operations.DefaultBuildOperationRunner] Completing Build operation 'Load projects'
2026-07-02T09:52:28.562+0000 [DEBUG] [org.gradle.internal.operations.DefaultBuildOperationRunner] Build operation 'Load projects' completed
2026-07-02T09:52:28.563+0000 [DEBUG] [org.gradle.internal.operations.DefaultBuildOperationRunner] Build operation 'Notify projectsLoaded listeners' started
2026-07-02T09:52:28.564+0000 [INFO] [org.gradle.internal.buildevents.BuildLogger] Projects loaded. Root project using build file '/data/data/com.termux/files/home/Crystal-Launcher-3_openjdk/build.gradle'.
2026-07-02T09:52:28.566+0000 [INFO] [org.gradle.internal.buildevents.BuildLogger] Included projects: [root project 'PojavLauncher', project ':app_pojavlauncher', project ':forge_installer', project ':glfw', project ':glfw:android-gradle']
2026-07-02T09:52:28.568+0000 [DEBUG] [org.gradle.internal.operations.DefaultBuildOperationRunner] Completing Build operation 'Notify projectsLoaded listeners'
2026-07-02T09:52:28.570+0000 [DEBUG] [org.gradle.internal.operations.DefaultBuildOperationRunner] Build operation 'Notify projectsLoaded listeners' completed
2026-07-02T09:52:28.571+0000 [DEBUG] [org.gradle.internal.operations.DefaultBuildOperationRunner] Completing Build operation 'Configure build'
2026-07-02T09:52:28.573+0000 [DEBUG] [org.gradle.internal.operations.DefaultBuildOperationRunner] Build operation 'Configure build' completed
2026-07-02T09:52:28.574+0000 [DEBUG] [org.gradle.internal.operations.DefaultBuildOperationRunner] Build operation 'Calculate build tree task graph' started
2026-07-02T09:52:28.577+0000 [DEBUG] [org.gradle.internal.operations.DefaultBuildOperationRunner] Build operation 'Calculate task graph' started
2026-07-02T09:52:28.579+0000 [DEBUG] [org.gradle.internal.resources.AbstractTrackedResourceLock] Daemon worker: acquired lock on All projects of :
2026-07-02T09:52:28.581+0000 [DEBUG] [org.gradle.internal.operations.DefaultBuildOperationRunner] Build operation 'Configure project :' started
2026-07-02T09:52:28.584+0000 [DEBUG] [org.gradle.internal.operations.DefaultBuildOperationRunner] Build operation 'Notify beforeEvaluate listeners of :' started
2026-07-02T09:52:28.587+0000 [DEBUG] [org.gradle.internal.operations.DefaultBuildOperationRunner] Completing Build operation 'Notify beforeEvaluate listeners of :'
2026-07-02T09:52:28.594+0000 [DEBUG] [org.gradle.internal.operations.DefaultBuildOperationRunner] Build operation 'Apply plugin org.gradle.help-tasks to root project 'PojavLauncher'' started
2026-07-02T09:52:28.603+0000 [DEBUG] [org.gradle.internal.operations.DefaultBuildOperationRunner] Build operation 'Register task :help' started
2026-07-02T09:52:28.605+0000 [DEBUG] [org.gradle.internal.operations.DefaultBuildOperationRunner] Completing Build operation 'Register task :help'
2026-07-02T09:52:28.608+0000 [DEBUG] [org.gradle.internal.operations.DefaultBuildOperationRunner] Build operation 'Register task :projects' started
2026-07-02T09:52:28.611+0000 [DEBUG] [org.gradle.internal.operations.DefaultBuildOperationRunner] Completing Build operation 'Register task :projects'
2026-07-02T09:52:28.614+0000 [DEBUG] [org.gradle.internal.operations.DefaultBuildOperationRunner] Build operation 'Register task :tasks' started
2026-07-02T09:52:28.616+0000 [DEBUG] [org.gradle.internal.operations.DefaultBuildOperationRunner] Completing Build operation 'Register task :tasks'
2026-07-02T09:52:28.619+0000 [DEBUG] [org.gradle.internal.operations.DefaultBuildOperationRunner] Build operation 'Register task :properties' started
2026-07-02T09:52:28.621+0000 [DEBUG] [org.gradle.internal.operations.DefaultBuildOperationRunner] Completing Build operation 'Register task :properties'
2026-07-02T09:52:28.625+0000 [DEBUG] [org.gradle.internal.operations.DefaultBuildOperationRunner] Build operation 'Register task :model' started
2026-07-02T09:52:28.627+0000 [DEBUG] [org.gradle.internal.operations.DefaultBuildOperationRunner] Completing Build operation 'Register task :model'
2026-07-02T09:52:28.630+0000 [DEBUG] [org.gradle.internal.operations.DefaultBuildOperationRunner] Completing Build operation 'Apply plugin org.gradle.help-tasks to root project 'PojavLauncher''
2026-07-02T09:52:28.635+0000 [DEBUG] [org.gradle.internal.operations.DefaultBuildOperationRunner] Build operation 'Apply plugin org.gradle.software-reporting-tasks to root project 'PojavLauncher'' started
2026-07-02T09:52:28.638+0000 [DEBUG] [org.gradle.internal.operations.DefaultBuildOperationRunner] Build operation 'Register task :dependencyInsight' started
2026-07-02T09:52:28.640+0000 [DEBUG] [org.gradle.internal.operations.DefaultBuildOperationRunner] Completing Build operation 'Register task :dependencyInsight'
2026-07-02T09:52:28.643+0000 [DEBUG] [org.gradle.internal.operations.DefaultBuildOperationRunner] Build operation 'Register task :dependencies' started
2026-07-02T09:52:28.645+0000 [DEBUG] [org.gradle.internal.operations.DefaultBuildOperationRunner] Completing Build operation 'Register task :dependencies'
2026-07-02T09:52:28.648+0000 [DEBUG] [org.gradle.internal.operations.DefaultBuildOperationRunner] Build operation 'Register task :buildEnvironment' started
2026-07-02T09:52:28.650+0000 [DEBUG] [org.gradle.internal.operations.DefaultBuildOperationRunner] Completing Build operation 'Register task :buildEnvironment'
2026-07-02T09:52:28.654+0000 [DEBUG] [org.gradle.internal.operations.DefaultBuildOperationRunner] Build operation 'Register task :components' started
2026-07-02T09:52:28.656+0000 [DEBUG] [org.gradle.internal.operations.DefaultBuildOperationRunner] Completing Build operation 'Register task :components'
2026-07-02T09:52:28.659+0000 [DEBUG] [org.gradle.internal.operations.DefaultBuildOperationRunner] Build operation 'Register task :dependentComponents' started
2026-07-02T09:52:28.661+0000 [DEBUG] [org.gradle.internal.operations.DefaultBuildOperationRunner] Completing Build operation 'Register task :dependentComponents'
2026-07-02T09:52:28.665+0000 [DEBUG] [org.gradle.internal.operations.DefaultBuildOperationRunner] Build operation 'Register task :outgoingVariants' started
2026-07-02T09:52:28.667+0000 [DEBUG] [org.gradle.internal.operations.DefaultBuildOperationRunner] Completing Build operation 'Register task :outgoingVariants'
2026-07-02T09:52:28.670+0000 [DEBUG] [org.gradle.internal.operations.DefaultBuildOperationRunner] Build operation 'Register task :resolvableConfigurations' started
2026-07-02T09:52:28.673+0000 [DEBUG] [org.gradle.internal.operations.DefaultBuildOperationRunner] Completing Build operation 'Register task :resolvableConfigurations'
2026-07-02T09:52:28.676+0000 [DEBUG] [org.gradle.internal.operations.DefaultBuildOperationRunner] Build operation 'Register task :artifactTransforms' started
2026-07-02T09:52:28.678+0000 [DEBUG] [org.gradle.internal.operations.DefaultBuildOperationRunner] Completing Build operation 'Register task :artifactTransforms'
2026-07-02T09:52:28.682+0000 [DEBUG] [org.gradle.internal.operations.DefaultBuildOperationRunner] Completing Build operation 'Apply plugin org.gradle.software-reporting-tasks to root project 'PojavLauncher''
2026-07-02T09:52:28.687+0000 [DEBUG] [org.gradle.internal.operations.DefaultBuildOperationRunner] Build operation 'Apply plugin org.gradle.build-init to root project 'PojavLauncher'' started
2026-07-02T09:52:28.689+0000 [DEBUG] [org.gradle.internal.operations.DefaultBuildOperationRunner] Build operation 'Register task :init' started
2026-07-02T09:52:28.692+0000 [DEBUG] [org.gradle.internal.operations.DefaultBuildOperationRunner] Completing Build operation 'Register task :init'
2026-07-02T09:52:28.695+0000 [DEBUG] [org.gradle.internal.operations.DefaultBuildOperationRunner] Completing Build operation 'Apply plugin org.gradle.build-init to root project 'PojavLauncher''
2026-07-02T09:52:28.700+0000 [DEBUG] [org.gradle.internal.operations.DefaultBuildOperationRunner] Build operation 'Apply plugin org.gradle.wrapper to root project 'PojavLauncher'' started
2026-07-02T09:52:28.705+0000 [DEBUG] [org.gradle.internal.operations.DefaultBuildOperationRunner] Build operation 'Register task :wrapper' started
2026-07-02T09:52:28.707+0000 [DEBUG] [org.gradle.internal.operations.DefaultBuildOperationRunner] Completing Build operation 'Register task :wrapper'
2026-07-02T09:52:28.711+0000 [DEBUG] [org.gradle.internal.operations.DefaultBuildOperationRunner] Completing Build operation 'Apply plugin org.gradle.wrapper to root project 'PojavLauncher''
2026-07-02T09:52:28.714+0000 [DEBUG] [org.gradle.internal.operations.DefaultBuildOperationRunner] Build operation 'Register task :updateDaemonJvm' started
2026-07-02T09:52:28.716+0000 [DEBUG] [org.gradle.internal.operations.DefaultBuildOperationRunner] Completing Build operation 'Register task :updateDaemonJvm'
2026-07-02T09:52:28.720+0000 [DEBUG] [org.gradle.internal.operations.DefaultBuildOperationRunner] Build operation 'Register task :javaToolchains' started
2026-07-02T09:52:28.722+0000 [DEBUG] [org.gradle.internal.operations.DefaultBuildOperationRunner] Completing Build operation 'Register task :javaToolchains'
2026-07-02T09:52:28.727+0000 [DEBUG] [org.gradle.internal.operations.DefaultBuildOperationRunner] Build operation 'Register task :prepareKotlinBuildScriptModel' started
2026-07-02T09:52:28.729+0000 [DEBUG] [org.gradle.internal.operations.DefaultBuildOperationRunner] Completing Build operation 'Register task :prepareKotlinBuildScriptModel'
2026-07-02T09:52:28.740+0000 [DEBUG] [org.gradle.internal.operations.DefaultBuildOperationRunner] Build operation 'Apply build file 'build.gradle' to root project 'PojavLauncher'' started
2026-07-02T09:52:28.744+0000 [DEBUG] [org.gradle.internal.operations.DefaultBuildOperationRunner] Completing Build operation 'Apply build file 'build.gradle' to root project 'PojavLauncher''
2026-07-02T09:52:28.748+0000 [DEBUG] [org.gradle.internal.operations.DefaultBuildOperationRunner] Build operation 'Notify afterEvaluate listeners of :' started
2026-07-02T09:52:28.750+0000 [DEBUG] [org.gradle.internal.operations.DefaultBuildOperationRunner] Completing Build operation 'Notify afterEvaluate listeners of :'
2026-07-02T09:52:28.583+0000 [LIFECYCLE] [org.gradle.internal.logging.progress.ProgressLoggerFactory] 
2026-07-02T09:52:28.583+0000 [LIFECYCLE] [org.gradle.internal.logging.progress.ProgressLoggerFactory] > Configure project :
2026-07-02T09:52:28.589+0000 [DEBUG] [org.gradle.internal.operations.DefaultBuildOperationRunner] Build operation 'Notify beforeEvaluate listeners of :' completed
2026-07-02T09:52:28.597+0000 [DEBUG] [org.gradle.model.internal.registry.DefaultModelRegistry] Project : - Transitioning model element '<root>' from state Registered to Created
2026-07-02T09:52:28.599+0000 [DEBUG] [org.gradle.model.internal.registry.DefaultModelRegistry] Project : - Transitioning model element '<root>' to state Discovered.
2026-07-02T09:52:28.601+0000 [DEBUG] [org.gradle.model.internal.registry.DefaultModelRegistry] Project : - Transitioning model element '<root>' to state Created.
2026-07-02T09:52:28.606+0000 [DEBUG] [org.gradle.internal.operations.DefaultBuildOperationRunner] Build operation 'Register task :help' completed
2026-07-02T09:52:28.612+0000 [DEBUG] [org.gradle.internal.operations.DefaultBuildOperationRunner] Build operation 'Register task :projects' completed
2026-07-02T09:52:28.618+0000 [DEBUG] [org.gradle.internal.operations.DefaultBuildOperationRunner] Build operation 'Register task :tasks' completed
2026-07-02T09:52:28.623+0000 [DEBUG] [org.gradle.internal.operations.DefaultBuildOperationRunner] Build operation 'Register task :properties' completed
2026-07-02T09:52:28.628+0000 [DEBUG] [org.gradle.internal.operations.DefaultBuildOperationRunner] Build operation 'Register task :model' completed
2026-07-02T09:52:28.632+0000 [DEBUG] [org.gradle.internal.operations.DefaultBuildOperationRunner] Build operation 'Apply plugin org.gradle.help-tasks to root project 'PojavLauncher'' completed
2026-07-02T09:52:28.642+0000 [DEBUG] [org.gradle.internal.operations.DefaultBuildOperationRunner] Build operation 'Register task :dependencyInsight' completed
2026-07-02T09:52:28.647+0000 [DEBUG] [org.gradle.internal.operations.DefaultBuildOperationRunner] Build operation 'Register task :dependencies' completed
2026-07-02T09:52:28.652+0000 [DEBUG] [org.gradle.internal.operations.DefaultBuildOperationRunner] Build operation 'Register task :buildEnvironment' completed
2026-07-02T09:52:28.657+0000 [DEBUG] [org.gradle.internal.operations.DefaultBuildOperationRunner] Build operation 'Register task :components' completed
2026-07-02T09:52:28.663+0000 [DEBUG] [org.gradle.internal.operations.DefaultBuildOperationRunner] Build operation 'Register task :dependentComponents' completed
2026-07-02T09:52:28.668+0000 [DEBUG] [org.gradle.internal.operations.DefaultBuildOperationRunner] Build operation 'Register task :outgoingVariants' completed
2026-07-02T09:52:28.674+0000 [DEBUG] [org.gradle.internal.operations.DefaultBuildOperationRunner] Build operation 'Register task :resolvableConfigurations' completed
2026-07-02T09:52:28.679+0000 [DEBUG] [org.gradle.internal.operations.DefaultBuildOperationRunner] Build operation 'Register task :artifactTransforms' completed
2026-07-02T09:52:28.683+0000 [DEBUG] [org.gradle.internal.operations.DefaultBuildOperationRunner] Build operation 'Apply plugin org.gradle.software-reporting-tasks to root project 'PojavLauncher'' completed
2026-07-02T09:52:28.693+0000 [DEBUG] [org.gradle.internal.operations.DefaultBuildOperationRunner] Build operation 'Register task :init' completed
2026-07-02T09:52:28.697+0000 [DEBUG] [org.gradle.internal.operations.DefaultBuildOperationRunner] Build operation 'Apply plugin org.gradle.build-init to root project 'PojavLauncher'' completed
2026-07-02T09:52:28.709+0000 [DEBUG] [org.gradle.internal.operations.DefaultBuildOperationRunner] Build operation 'Register task :wrapper' completed
2026-07-02T09:52:28.712+0000 [DEBUG] [org.gradle.internal.operations.DefaultBuildOperationRunner] Build operation 'Apply plugin org.gradle.wrapper to root project 'PojavLauncher'' completed
2026-07-02T09:52:28.718+0000 [DEBUG] [org.gradle.internal.operations.DefaultBuildOperationRunner] Build operation 'Register task :updateDaemonJvm' completed
2026-07-02T09:52:28.724+0000 [DEBUG] [org.gradle.internal.operations.DefaultBuildOperationRunner] Build operation 'Register task :javaToolchains' completed
2026-07-02T09:52:28.730+0000 [DEBUG] [org.gradle.internal.operations.DefaultBuildOperationRunner] Build operation 'Register task :prepareKotlinBuildScriptModel' completed
2026-07-02T09:52:28.732+0000 [INFO] [org.gradle.configuration.project.BuildScriptProcessor] Evaluating root project 'PojavLauncher' using build file '/data/data/com.termux/files/home/Crystal-Launcher-3_openjdk/build.gradle'.
2026-07-02T09:52:28.745+0000 [DEBUG] [org.gradle.internal.operations.DefaultBuildOperationRunner] Build operation 'Apply build file 'build.gradle' to root project 'PojavLauncher'' completed
2026-07-02T09:52:28.747+0000 [DEBUG] [org.gradle.configuration.project.BuildScriptProcessor] Timing: Running the build script took 0.013 secs
2026-07-02T09:52:28.752+0000 [DEBUG] [org.gradle.internal.operations.DefaultBuildOperationRunner] Build operation 'Notify afterEvaluate listeners of :' completed
2026-07-02T09:52:28.754+0000 [DEBUG] [org.gradle.internal.operations.DefaultBuildOperationRunner] Completing Build operation 'Configure project :'
2026-07-02T09:52:28.755+0000 [DEBUG] [org.gradle.internal.operations.DefaultBuildOperationRunner] Build operation 'Configure project :' completed
2026-07-02T09:52:28.757+0000 [DEBUG] [org.gradle.internal.operations.DefaultBuildOperationRunner] Build operation 'Configure project :app_pojavlauncher' started
2026-07-02T09:52:28.760+0000 [DEBUG] [org.gradle.internal.operations.DefaultBuildOperationRunner] Build operation 'Notify beforeEvaluate listeners of :app_pojavlauncher' started
2026-07-02T09:52:28.762+0000 [DEBUG] [org.gradle.internal.operations.DefaultBuildOperationRunner] Completing Build operation 'Notify beforeEvaluate listeners of :app_pojavlauncher'
2026-07-02T09:52:28.767+0000 [DEBUG] [org.gradle.internal.operations.DefaultBuildOperationRunner] Build operation 'Apply plugin org.gradle.help-tasks to project ':app_pojavlauncher'' started
2026-07-02T09:52:28.777+0000 [DEBUG] [org.gradle.internal.operations.DefaultBuildOperationRunner] Build operation 'Register task :app_pojavlauncher:help' started
2026-07-02T09:52:28.781+0000 [DEBUG] [org.gradle.internal.operations.DefaultBuildOperationRunner] Completing Build operation 'Register task :app_pojavlauncher:help'
2026-07-02T09:52:28.785+0000 [DEBUG] [org.gradle.internal.operations.DefaultBuildOperationRunner] Build operation 'Register task :app_pojavlauncher:projects' started
2026-07-02T09:52:28.788+0000 [DEBUG] [org.gradle.internal.operations.DefaultBuildOperationRunner] Completing Build operation 'Register task :app_pojavlauncher:projects'
2026-07-02T09:52:28.792+0000 [DEBUG] [org.gradle.internal.operations.DefaultBuildOperationRunner] Build operation 'Register task :app_pojavlauncher:tasks' started
2026-07-02T09:52:28.795+0000 [DEBUG] [org.gradle.internal.operations.DefaultBuildOperationRunner] Completing Build operation 'Register task :app_pojavlauncher:tasks'
2026-07-02T09:52:28.798+0000 [DEBUG] [org.gradle.internal.operations.DefaultBuildOperationRunner] Build operation 'Register task :app_pojavlauncher:properties' started
2026-07-02T09:52:28.801+0000 [DEBUG] [org.gradle.internal.operations.DefaultBuildOperationRunner] Completing Build operation 'Register task :app_pojavlauncher:properties'
2026-07-02T09:52:28.804+0000 [DEBUG] [org.gradle.internal.operations.DefaultBuildOperationRunner] Build operation 'Register task :app_pojavlauncher:model' started
2026-07-02T09:52:28.806+0000 [DEBUG] [org.gradle.internal.operations.DefaultBuildOperationRunner] Completing Build operation 'Register task :app_pojavlauncher:model'
2026-07-02T09:52:28.810+0000 [DEBUG] [org.gradle.internal.operations.DefaultBuildOperationRunner] Completing Build operation 'Apply plugin org.gradle.help-tasks to project ':app_pojavlauncher''
2026-07-02T09:52:28.813+0000 [DEBUG] [org.gradle.internal.operations.DefaultBuildOperationRunner] Build operation 'Apply plugin org.gradle.software-reporting-tasks to project ':app_pojavlauncher'' started
2026-07-02T09:52:28.815+0000 [DEBUG] [org.gradle.internal.operations.DefaultBuildOperationRunner] Build operation 'Register task :app_pojavlauncher:dependencyInsight' started
2026-07-02T09:52:28.817+0000 [DEBUG] [org.gradle.internal.operations.DefaultBuildOperationRunner] Completing Build operation 'Register task :app_pojavlauncher:dependencyInsight'
2026-07-02T09:52:28.821+0000 [DEBUG] [org.gradle.internal.operations.DefaultBuildOperationRunner] Build operation 'Register task :app_pojavlauncher:dependencies' started
2026-07-02T09:52:28.823+0000 [DEBUG] [org.gradle.internal.operations.DefaultBuildOperationRunner] Completing Build operation 'Register task :app_pojavlauncher:dependencies'
2026-07-02T09:52:28.827+0000 [DEBUG] [org.gradle.internal.operations.DefaultBuildOperationRunner] Build operation 'Register task :app_pojavlauncher:buildEnvironment' started
2026-07-02T09:52:28.829+0000 [DEBUG] [org.gradle.internal.operations.DefaultBuildOperationRunner] Completing Build operation 'Register task :app_pojavlauncher:buildEnvironment'
2026-07-02T09:52:28.832+0000 [DEBUG] [org.gradle.internal.operations.DefaultBuildOperationRunner] Build operation 'Register task :app_pojavlauncher:components' started
2026-07-02T09:52:28.834+0000 [DEBUG] [org.gradle.internal.operations.DefaultBuildOperationRunner] Completing Build operation 'Register task :app_pojavlauncher:components'
2026-07-02T09:52:28.837+0000 [DEBUG] [org.gradle.internal.operations.DefaultBuildOperationRunner] Build operation 'Register task :app_pojavlauncher:dependentComponents' started
2026-07-02T09:52:28.840+0000 [DEBUG] [org.gradle.internal.operations.DefaultBuildOperationRunner] Completing Build operation 'Register task :app_pojavlauncher:dependentComponents'
2026-07-02T09:52:28.843+0000 [DEBUG] [org.gradle.internal.operations.DefaultBuildOperationRunner] Build operation 'Register task :app_pojavlauncher:outgoingVariants' started
2026-07-02T09:52:28.845+0000 [DEBUG] [org.gradle.internal.operations.DefaultBuildOperationRunner] Completing Build operation 'Register task :app_pojavlauncher:outgoingVariants'
2026-07-02T09:52:28.848+0000 [DEBUG] [org.gradle.internal.operations.DefaultBuildOperationRunner] Build operation 'Register task :app_pojavlauncher:resolvableConfigurations' started
2026-07-02T09:52:28.850+0000 [DEBUG] [org.gradle.internal.operations.DefaultBuildOperationRunner] Completing Build operation 'Register task :app_pojavlauncher:resolvableConfigurations'
2026-07-02T09:52:28.854+0000 [DEBUG] [org.gradle.internal.operations.DefaultBuildOperationRunner] Build operation 'Register task :app_pojavlauncher:artifactTransforms' started
2026-07-02T09:52:28.856+0000 [DEBUG] [org.gradle.internal.operations.DefaultBuildOperationRunner] Completing Build operation 'Register task :app_pojavlauncher:artifactTransforms'
2026-07-02T09:52:28.860+0000 [DEBUG] [org.gradle.internal.operations.DefaultBuildOperationRunner] Completing Build operation 'Apply plugin org.gradle.software-reporting-tasks to project ':app_pojavlauncher''
2026-07-02T09:52:28.863+0000 [DEBUG] [org.gradle.internal.operations.DefaultBuildOperationRunner] Build operation 'Apply plugin org.gradle.build-init to project ':app_pojavlauncher'' started
2026-07-02T09:52:28.865+0000 [DEBUG] [org.gradle.internal.operations.DefaultBuildOperationRunner] Completing Build operation 'Apply plugin org.gradle.build-init to project ':app_pojavlauncher''
2026-07-02T09:52:28.868+0000 [DEBUG] [org.gradle.internal.operations.DefaultBuildOperationRunner] Build operation 'Apply plugin org.gradle.wrapper to project ':app_pojavlauncher'' started
2026-07-02T09:52:28.870+0000 [DEBUG] [org.gradle.internal.operations.DefaultBuildOperationRunner] Completing Build operation 'Apply plugin org.gradle.wrapper to project ':app_pojavlauncher''
2026-07-02T09:52:28.873+0000 [DEBUG] [org.gradle.internal.operations.DefaultBuildOperationRunner] Build operation 'Register task :app_pojavlauncher:javaToolchains' started
2026-07-02T09:52:28.881+0000 [DEBUG] [org.gradle.internal.operations.DefaultBuildOperationRunner] Completing Build operation 'Register task :app_pojavlauncher:javaToolchains'
2026-07-02T09:52:28.893+0000 [DEBUG] [org.gradle.internal.operations.DefaultBuildOperationRunner] Build operation 'Apply build file 'app_pojavlauncher/build.gradle' to project ':app_pojavlauncher'' started
2026-07-02T09:52:28.898+0000 [DEBUG] [org.gradle.internal.operations.DefaultBuildOperationRunner] Build operation 'Identifying work' started
2026-07-02T09:52:28.901+0000 [DEBUG] [org.gradle.internal.operations.DefaultBuildOperationRunner] Completing Build operation 'Identifying work'
2026-07-02T09:52:28.908+0000 [DEBUG] [org.gradle.internal.operations.DefaultBuildOperationRunner] Build operation 'Snapshot inputs and outputs before executing Groovy DSL script compilation (cp_proj)' started
2026-07-02T09:52:28.912+0000 [DEBUG] [org.gradle.internal.operations.DefaultBuildOperationRunner] Completing Build operation 'Snapshot inputs and outputs before executing Groovy DSL script compilation (cp_proj)'
2026-07-02T09:52:28.928+0000 [DEBUG] [org.gradle.internal.operations.DefaultBuildOperationRunner] Build operation 'Executing Groovy DSL script compilation (cp_proj)' started
2026-07-02T09:52:28.930+0000 [DEBUG] [org.gradle.internal.operations.DefaultBuildOperationRunner] Build operation 'Compile build file 'app_pojavlauncher/build.gradle' (CLASSPATH)' started
2026-07-02T09:52:28.944+0000 [DEBUG] [org.gradle.internal.operations.DefaultBuildOperationRunner] Completing Build operation 'Compile build file 'app_pojavlauncher/build.gradle' (CLASSPATH)'
2026-07-02T09:52:28.946+0000 [DEBUG] [org.gradle.internal.operations.DefaultBuildOperationRunner] Completing Build operation 'Executing Groovy DSL script compilation (cp_proj)'
2026-07-02T09:52:28.952+0000 [DEBUG] [org.gradle.internal.operations.DefaultBuildOperationRunner] Build operation 'Snapshot outputs after executing Groovy DSL script compilation (cp_proj)' started
2026-07-02T09:52:28.962+0000 [DEBUG] [org.gradle.internal.operations.DefaultBuildOperationRunner] Completing Build operation 'Snapshot outputs after executing Groovy DSL script compilation (cp_proj)'
2026-07-02T09:52:28.965+0000 [DEBUG] [org.gradle.internal.operations.DefaultBuildOperationRunner] Completing Build operation 'Apply build file 'app_pojavlauncher/build.gradle' to project ':app_pojavlauncher''
2026-07-02T09:52:28.970+0000 [DEBUG] [org.gradle.internal.operations.DefaultBuildOperationRunner] Build operation 'Notify afterEvaluate listeners of :app_pojavlauncher' started
2026-07-02T09:52:28.971+0000 [DEBUG] [org.gradle.internal.operations.DefaultBuildOperationRunner] Completing Build operation 'Notify afterEvaluate listeners of :app_pojavlauncher'
2026-07-02T09:52:28.759+0000 [LIFECYCLE] [org.gradle.internal.logging.progress.ProgressLoggerFactory] 
2026-07-02T09:52:28.759+0000 [LIFECYCLE] [org.gradle.internal.logging.progress.ProgressLoggerFactory] > Configure project :app_pojavlauncher
2026-07-02T09:52:28.763+0000 [DEBUG] [org.gradle.internal.operations.DefaultBuildOperationRunner] Build operation 'Notify beforeEvaluate listeners of :app_pojavlauncher' completed
2026-07-02T09:52:28.769+0000 [DEBUG] [org.gradle.model.internal.registry.DefaultModelRegistry] Project :app_pojavlauncher - Transitioning model element '<root>' from state Registered to Created
2026-07-02T09:52:28.771+0000 [DEBUG] [org.gradle.model.internal.registry.DefaultModelRegistry] Project :app_pojavlauncher - Transitioning model element '<root>' to state Discovered.
2026-07-02T09:52:28.774+0000 [DEBUG] [org.gradle.model.internal.registry.DefaultModelRegistry] Project :app_pojavlauncher - Transitioning model element '<root>' to state Created.
2026-07-02T09:52:28.783+0000 [DEBUG] [org.gradle.internal.operations.DefaultBuildOperationRunner] Build operation 'Register task :app_pojavlauncher:help' completed
2026-07-02T09:52:28.790+0000 [DEBUG] [org.gradle.internal.operations.DefaultBuildOperationRunner] Build operation 'Register task :app_pojavlauncher:projects' completed
2026-07-02T09:52:28.796+0000 [DEBUG] [org.gradle.internal.operations.DefaultBuildOperationRunner] Build operation 'Register task :app_pojavlauncher:tasks' completed
2026-07-02T09:52:28.802+0000 [DEBUG] [org.gradle.internal.operations.DefaultBuildOperationRunner] Build operation 'Register task :app_pojavlauncher:properties' completed
2026-07-02T09:52:28.808+0000 [DEBUG] [org.gradle.internal.operations.DefaultBuildOperationRunner] Build operation 'Register task :app_pojavlauncher:model' completed
2026-07-02T09:52:28.811+0000 [DEBUG] [org.gradle.internal.operations.DefaultBuildOperationRunner] Build operation 'Apply plugin org.gradle.help-tasks to project ':app_pojavlauncher'' completed
2026-07-02T09:52:28.819+0000 [DEBUG] [org.gradle.internal.operations.DefaultBuildOperationRunner] Build operation 'Register task :app_pojavlauncher:dependencyInsight' completed
2026-07-02T09:52:28.825+0000 [DEBUG] [org.gradle.internal.operations.DefaultBuildOperationRunner] Build operation 'Register task :app_pojavlauncher:dependencies' completed
2026-07-02T09:52:28.830+0000 [DEBUG] [org.gradle.internal.operations.DefaultBuildOperationRunner] Build operation 'Register task :app_pojavlauncher:buildEnvironment' completed
2026-07-02T09:52:28.836+0000 [DEBUG] [org.gradle.internal.operations.DefaultBuildOperationRunner] Build operation 'Register task :app_pojavlauncher:components' completed
2026-07-02T09:52:28.841+0000 [DEBUG] [org.gradle.internal.operations.DefaultBuildOperationRunner] Build operation 'Register task :app_pojavlauncher:dependentComponents' completed
2026-07-02T09:52:28.847+0000 [DEBUG] [org.gradle.internal.operations.DefaultBuildOperationRunner] Build operation 'Register task :app_pojavlauncher:outgoingVariants' completed
2026-07-02T09:52:28.852+0000 [DEBUG] [org.gradle.internal.operations.DefaultBuildOperationRunner] Build operation 'Register task :app_pojavlauncher:resolvableConfigurations' completed
2026-07-02T09:52:28.857+0000 [DEBUG] [org.gradle.internal.operations.DefaultBuildOperationRunner] Build operation 'Register task :app_pojavlauncher:artifactTransforms' completed
2026-07-02T09:52:28.861+0000 [DEBUG] [org.gradle.internal.operations.DefaultBuildOperationRunner] Build operation 'Apply plugin org.gradle.software-reporting-tasks to project ':app_pojavlauncher'' completed
2026-07-02T09:52:28.866+0000 [DEBUG] [org.gradle.internal.operations.DefaultBuildOperationRunner] Build operation 'Apply plugin org.gradle.build-init to project ':app_pojavlauncher'' completed
2026-07-02T09:52:28.871+0000 [DEBUG] [org.gradle.internal.operations.DefaultBuildOperationRunner] Build operation 'Apply plugin org.gradle.wrapper to project ':app_pojavlauncher'' completed
2026-07-02T09:52:28.883+0000 [DEBUG] [org.gradle.internal.operations.DefaultBuildOperationRunner] Build operation 'Register task :app_pojavlauncher:javaToolchains' completed
2026-07-02T09:52:28.884+0000 [INFO] [org.gradle.configuration.project.BuildScriptProcessor] Evaluating project ':app_pojavlauncher' using build file '/data/data/com.termux/files/home/Crystal-Launcher-3_openjdk/app_pojavlauncher/build.gradle'.
2026-07-02T09:52:28.902+0000 [DEBUG] [org.gradle.internal.operations.DefaultBuildOperationRunner] Build operation 'Identifying work' completed
2026-07-02T09:52:28.906+0000 [DEBUG] [org.gradle.internal.vfs.impl.AbstractVirtualFileSystem] Invalidating VFS paths: [/data/data/com.termux/files/home/.gradle/caches/8.14.3/groovy-dsl/63068a894ceb927a7188ccd936107895-cded4516-83cf-48b0-96d0-b0cb5c2c59f9]
2026-07-02T09:52:28.910+0000 [DEBUG] [org.gradle.internal.execution.steps.AbstractCaptureStateBeforeExecutionStep] Implementation for Groovy DSL script compilation (cp_proj): org.gradle.groovy.scripts.internal.GroovyScriptClassCompiler$GroovyScriptCompilationAndInstrumentation@32350d9fd89fb7f2a86e042f9440c46e
2026-07-02T09:52:28.911+0000 [DEBUG] [org.gradle.internal.execution.steps.AbstractCaptureStateBeforeExecutionStep] Additional implementations for Groovy DSL script compilation (cp_proj): []
2026-07-02T09:52:28.914+0000 [DEBUG] [org.gradle.internal.operations.DefaultBuildOperationRunner] Build operation 'Snapshot inputs and outputs before executing Groovy DSL script compilation (cp_proj)' completed
2026-07-02T09:52:28.916+0000 [INFO] [org.gradle.internal.execution.steps.AbstractResolveCachingStateStep] Caching disabled for Groovy DSL script compilation (cp_proj) because:
  Build cache is disabled
  Not worth caching.
2026-07-02T09:52:28.918+0000 [DEBUG] [org.gradle.internal.vfs.impl.AbstractVirtualFileSystem] Invalidating VFS paths: [/data/data/com.termux/files/home/.gradle/caches/8.14.3/groovy-dsl/63068a894ceb927a7188ccd936107895-cded4516-83cf-48b0-96d0-b0cb5c2c59f9/instrumented/cp_proj, /data/data/com.termux/files/home/.gradle/caches/8.14.3/groovy-dsl/63068a894ceb927a7188ccd936107895-cded4516-83cf-48b0-96d0-b0cb5c2c59f9/reports/gradle-intercepted-methods.report, /data/data/com.termux/files/home/.gradle/caches/8.14.3/groovy-dsl/63068a894ceb927a7188ccd936107895-cded4516-83cf-48b0-96d0-b0cb5c2c59f9/metadata]
2026-07-02T09:52:28.921+0000 [DEBUG] [org.gradle.internal.execution.steps.PreCreateOutputParentsStep] Ensuring directory exists for property instrumentedOutput at /data/data/com.termux/files/home/.gradle/caches/8.14.3/groovy-dsl/63068a894ceb927a7188ccd936107895-cded4516-83cf-48b0-96d0-b0cb5c2c59f9/instrumented/cp_proj
2026-07-02T09:52:28.924+0000 [DEBUG] [org.gradle.internal.execution.steps.PreCreateOutputParentsStep] Ensuring parent directory exists for property propertyUpgradeReportOutput at /data/data/com.termux/files/home/.gradle/caches/8.14.3/groovy-dsl/63068a894ceb927a7188ccd936107895-cded4516-83cf-48b0-96d0-b0cb5c2c59f9/reports/gradle-intercepted-methods.report
2026-07-02T09:52:28.926+0000 [DEBUG] [org.gradle.internal.execution.steps.PreCreateOutputParentsStep] Ensuring directory exists for property metadataDir at /data/data/com.termux/files/home/.gradle/caches/8.14.3/groovy-dsl/63068a894ceb927a7188ccd936107895-cded4516-83cf-48b0-96d0-b0cb5c2c59f9/metadata
2026-07-02T09:52:28.933+0000 [INFO] [org.gradle.groovy.scripts.internal.DefaultScriptCompilationHandler] Compiling build file '/data/data/com.termux/files/home/Crystal-Launcher-3_openjdk/app_pojavlauncher/build.gradle' using SubsetScriptTransformer.
2026-07-02T09:52:28.939+0000 [DEBUG] [org.gradle.internal.file.impl.DefaultDeleter] Deleting /data/data/com.termux/files/home/.gradle/caches/8.14.3/groovy-dsl/63068a894ceb927a7188ccd936107895-cded4516-83cf-48b0-96d0-b0cb5c2c59f9/classes/cp_proj
2026-07-02T09:52:28.941+0000 [DEBUG] [org.gradle.internal.file.impl.DefaultDeleter] Deleting /data/data/com.termux/files/home/.gradle/caches/8.14.3/groovy-dsl/63068a894ceb927a7188ccd936107895-cded4516-83cf-48b0-96d0-b0cb5c2c59f9/metadata
2026-07-02T09:52:28.945+0000 [DEBUG] [org.gradle.internal.operations.DefaultBuildOperationRunner] Build operation 'Compile build file 'app_pojavlauncher/build.gradle' (CLASSPATH)' completed
2026-07-02T09:52:28.947+0000 [DEBUG] [org.gradle.internal.operations.DefaultBuildOperationRunner] Build operation 'Executing Groovy DSL script compilation (cp_proj)' completed
2026-07-02T09:52:28.949+0000 [DEBUG] [org.gradle.internal.vfs.impl.AbstractVirtualFileSystem] Invalidating VFS paths: [/data/data/com.termux/files/home/.gradle/caches/8.14.3/groovy-dsl/63068a894ceb927a7188ccd936107895-cded4516-83cf-48b0-96d0-b0cb5c2c59f9/instrumented/cp_proj, /data/data/com.termux/files/home/.gradle/caches/8.14.3/groovy-dsl/63068a894ceb927a7188ccd936107895-cded4516-83cf-48b0-96d0-b0cb5c2c59f9/reports/gradle-intercepted-methods.report, /data/data/com.termux/files/home/.gradle/caches/8.14.3/groovy-dsl/63068a894ceb927a7188ccd936107895-cded4516-83cf-48b0-96d0-b0cb5c2c59f9/metadata]
2026-07-02T09:52:28.964+0000 [DEBUG] [org.gradle.internal.operations.DefaultBuildOperationRunner] Build operation 'Snapshot outputs after executing Groovy DSL script compilation (cp_proj)' completed
2026-07-02T09:52:28.967+0000 [DEBUG] [org.gradle.internal.operations.DefaultBuildOperationRunner] Build operation 'Apply build file 'app_pojavlauncher/build.gradle' to project ':app_pojavlauncher'' completed
2026-07-02T09:52:28.968+0000 [DEBUG] [org.gradle.configuration.project.BuildScriptProcessor] Timing: Running the build script took 0.081 secs
2026-07-02T09:52:28.973+0000 [DEBUG] [org.gradle.internal.operations.DefaultBuildOperationRunner] Build operation 'Notify afterEvaluate listeners of :app_pojavlauncher' completed
2026-07-02T09:52:28.974+0000 [DEBUG] [org.gradle.internal.operations.DefaultBuildOperationRunner] Completing Build operation 'Configure project :app_pojavlauncher'
2026-07-02T09:52:28.975+0000 [DEBUG] [org.gradle.internal.operations.DefaultBuildOperationRunner] Build operation 'Configure project :app_pojavlauncher' completed
2026-07-02T09:52:28.977+0000 [DEBUG] [org.gradle.internal.resources.AbstractTrackedResourceLock] Daemon worker: released lock on All projects of :
2026-07-02T09:52:28.978+0000 [DEBUG] [org.gradle.internal.operations.DefaultBuildOperationRunner] Completing Build operation 'Calculate task graph'
2026-07-02T09:52:28.980+0000 [DEBUG] [org.gradle.internal.operations.DefaultBuildOperationRunner] Build operation 'Calculate task graph' completed
2026-07-02T09:52:28.981+0000 [DEBUG] [org.gradle.internal.operations.DefaultBuildOperationRunner] Completing Build operation 'Calculate build tree task graph'
2026-07-02T09:52:28.983+0000 [DEBUG] [org.gradle.internal.operations.DefaultBuildOperationRunner] Build operation 'Calculate build tree task graph' completed
2026-07-02T09:52:28.984+0000 [DEBUG] [org.gradle.internal.operations.DefaultBuildOperationRunner] Build operation 'Finish root build tree' started
2026-07-02T09:52:28.998+0000 [DEBUG] [org.gradle.internal.operations.DefaultBuildOperationRunner] Completing Build operation 'Finish root build tree'
2026-07-02T09:52:28.999+0000 [DEBUG] [org.gradle.internal.operations.DefaultBuildOperationRunner] Build operation 'Finish root build tree' completed
2026-07-02T09:52:29.011+0000 [WARN] [org.gradle.problems.internal.impl.DefaultProblemsReportCreator] 
[Incubating] Problems report is available at: file:///data/data/com.termux/files/home/Crystal-Launcher-3_openjdk/build/reports/problems/problems-report.html
2026-07-02T09:52:29.014+0000 [ERROR] [org.gradle.internal.buildevents.BuildExceptionReporter] 
2026-07-02T09:52:29.015+0000 [ERROR] [org.gradle.internal.buildevents.BuildExceptionReporter] FAILURE: Build failed with an exception.
2026-07-02T09:52:29.016+0000 [ERROR] [org.gradle.internal.buildevents.BuildExceptionReporter] 
2026-07-02T09:52:29.017+0000 [ERROR] [org.gradle.internal.buildevents.BuildExceptionReporter] * What went wrong:
2026-07-02T09:52:29.019+0000 [ERROR] [org.gradle.internal.buildevents.BuildExceptionReporter] A problem occurred configuring project ':app_pojavlauncher'.
2026-07-02T09:52:29.020+0000 [ERROR] [org.gradle.internal.buildevents.BuildExceptionReporter] > java.nio.BufferOverflowException (no error message)
2026-07-02T09:52:29.021+0000 [ERROR] [org.gradle.internal.buildevents.BuildExceptionReporter] 
2026-07-02T09:52:29.021+0000 [ERROR] [org.gradle.internal.buildevents.BuildExceptionReporter] * Try:
2026-07-02T09:52:29.022+0000 [ERROR] [org.gradle.internal.buildevents.BuildExceptionReporter] > Run with --stacktrace option to get the stack trace.
2026-07-02T09:52:29.024+0000 [ERROR] [org.gradle.internal.buildevents.BuildExceptionReporter] > Run with --scan to get full insights.
2026-07-02T09:52:29.025+0000 [ERROR] [org.gradle.internal.buildevents.BuildExceptionReporter] > Get more help at https://help.gradle.org.
2026-07-02T09:52:29.026+0000 [WARN] [org.gradle.internal.featurelifecycle.LoggingDeprecatedFeatureHandler] 
Deprecated Gradle features were used in this build, making it incompatible with Gradle 9.0.

You can use '--warning-mode all' to show the individual deprecation warnings and determine if they come from your own scripts or plugins.

For more on this, please refer to https://docs.gradle.org/8.14.3/userguide/command_line_interface.html#sec:command_line_warnings in the Gradle documentation.
2026-07-02T09:52:29.027+0000 [ERROR] [org.gradle.internal.buildevents.BuildResultLogger] 
2026-07-02T09:52:29.029+0000 [ERROR] [org.gradle.internal.buildevents.BuildResultLogger] BUILD FAILED in 8s
2026-07-02T09:52:29.030+0000 [DEBUG] [org.gradle.internal.operations.DefaultBuildOperationRunner] Build operation 'Build finished for file system watching' started
2026-07-02T09:52:29.031+0000 [DEBUG] [org.gradle.internal.operations.DefaultBuildOperationRunner] Completing Build operation 'Build finished for file system watching'
2026-07-02T09:52:29.032+0000 [DEBUG] [org.gradle.internal.operations.DefaultBuildOperationRunner] Build operation 'Build finished for file system watching' completed
2026-07-02T09:52:29.037+0000 [DEBUG] [org.gradle.cache.internal.LockOnDemandCrossProcessCacheAccess] Releasing file lock for cache directory md-supplier (/data/data/com.termux/files/home/.gradle/caches/8.14.3/md-supplier)
2026-07-02T09:52:29.039+0000 [DEBUG] [org.gradle.cache.internal.DefaultFileLockManager] Releasing lock on cache directory md-supplier (/data/data/com.termux/files/home/.gradle/caches/8.14.3/md-supplier).
2026-07-02T09:52:29.042+0000 [DEBUG] [org.gradle.cache.internal.LockOnDemandCrossProcessCacheAccess] Releasing file lock for Build Output Cleanup Cache (/data/data/com.termux/files/home/Crystal-Launcher-3_openjdk/.gradle/buildOutputCleanup)
2026-07-02T09:52:29.043+0000 [DEBUG] [org.gradle.cache.internal.DefaultFileLockManager] Releasing lock on Build Output Cleanup Cache (/data/data/com.termux/files/home/Crystal-Launcher-3_openjdk/.gradle/buildOutputCleanup).
2026-07-02T09:52:29.047+0000 [DEBUG] [org.gradle.cache.internal.LockOnDemandCrossProcessCacheAccess] Releasing file lock for cache directory md-rule (/data/data/com.termux/files/home/.gradle/caches/8.14.3/md-rule)
2026-07-02T09:52:29.049+0000 [DEBUG] [org.gradle.cache.internal.DefaultFileLockManager] Releasing lock on cache directory md-rule (/data/data/com.termux/files/home/.gradle/caches/8.14.3/md-rule).
2026-07-02T09:52:29.052+0000 [DEBUG] [org.gradle.api.internal.artifacts.ivyservice.resolveengine.store.ResolutionResultsStoreFactory] Deleted 0 resolution results binary files in 0.0 secs
2026-07-02T09:52:29.057+0000 [DEBUG] [org.gradle.internal.operations.DefaultBuildOperationRunner] Completing Build operation 'Run build'
2026-07-02T09:52:29.058+0000 [DEBUG] [org.gradle.internal.operations.DefaultBuildOperationRunner] Build operation 'Run build' completed
2026-07-02T09:52:29.059+0000 [DEBUG] [org.gradle.internal.resources.AbstractTrackedResourceLock] Daemon worker: released lock on worker lease
2026-07-02T09:52:29.096+0000 [DEBUG] [org.gradle.deployment.internal.DefaultDeploymentRegistry] Stopping 0 deployment handles
2026-07-02T09:52:29.098+0000 [DEBUG] [org.gradle.deployment.internal.DefaultDeploymentRegistry] Stopped deployment handles
2026-07-02T09:52:29.102+0000 [DEBUG] [org.gradle.cache.internal.LockOnDemandCrossProcessCacheAccess] Releasing file lock for file hash cache (/data/data/com.termux/files/home/Crystal-Launcher-3_openjdk/.gradle/8.14.3/fileHashes)
2026-07-02T09:52:29.104+0000 [DEBUG] [org.gradle.cache.internal.DefaultFileLockManager] Releasing lock on file hash cache (/data/data/com.termux/files/home/Crystal-Launcher-3_openjdk/.gradle/8.14.3/fileHashes).
2026-07-02T09:52:29.112+0000 [DEBUG] [org.gradle.cache.internal.LockOnDemandCrossProcessCacheAccess] Releasing file lock for checksums cache (/data/data/com.termux/files/home/Crystal-Launcher-3_openjdk/.gradle/8.14.3/checksums)
2026-07-02T09:52:29.114+0000 [DEBUG] [org.gradle.cache.internal.DefaultFileLockManager] Releasing lock on checksums cache (/data/data/com.termux/files/home/Crystal-Launcher-3_openjdk/.gradle/8.14.3/checksums).
2026-07-02T09:52:29.116+0000 [DEBUG] [org.gradle.cache.internal.DefaultCacheCoordinator] Cache Compressed Files Expansion Cache (/data/data/com.termux/files/home/Crystal-Launcher-3_openjdk/.gradle/8.14.3/expanded) was closed 0 times.
2026-07-02T09:52:29.118+0000 [DEBUG] [org.gradle.cache.internal.DefaultCacheCleanupExecutor] VCS Checkout Cache (/data/data/com.termux/files/home/Crystal-Launcher-3_openjdk/.gradle/vcs-1) has last been fully cleaned up 0 hours ago
2026-07-02T09:52:29.119+0000 [DEBUG] [org.gradle.cache.internal.DefaultCacheCleanupExecutor] Skipping cleanup for VCS Checkout Cache (/data/data/com.termux/files/home/Crystal-Launcher-3_openjdk/.gradle/vcs-1) as it is not yet due
2026-07-02T09:52:29.121+0000 [DEBUG] [org.gradle.cache.internal.DefaultCacheCoordinator] Cache VCS Checkout Cache (/data/data/com.termux/files/home/Crystal-Launcher-3_openjdk/.gradle/vcs-1) was closed 0 times.
2026-07-02T09:52:29.122+0000 [DEBUG] [org.gradle.cache.internal.DefaultCacheCoordinator] Cache VCS metadata (/data/data/com.termux/files/home/Crystal-Launcher-3_openjdk/.gradle/8.14.3/vcsMetadata) was closed 0 times.
2026-07-02T09:52:29.124+0000 [DEBUG] [org.gradle.internal.operations.DefaultBuildOperationRunner] Build operation 'Deleting unused version-specific caches in /data/data/com.termux/files/home/Crystal-Launcher-3_openjdk/.gradle' started
2026-07-02T09:52:29.126+0000 [DEBUG] [org.gradle.internal.operations.DefaultBuildOperationRunner] Completing Build operation 'Deleting unused version-specific caches in /data/data/com.termux/files/home/Crystal-Launcher-3_openjdk/.gradle'
2026-07-02T09:52:29.127+0000 [DEBUG] [org.gradle.internal.operations.DefaultBuildOperationRunner] Build operation 'Deleting unused version-specific caches in /data/data/com.termux/files/home/Crystal-Launcher-3_openjdk/.gradle' completed
2026-07-02T09:52:29.129+0000 [DEBUG] [org.gradle.cache.internal.DefaultCacheCleanupExecutor] dependencies-accessors (/data/data/com.termux/files/home/.gradle/caches/8.14.3/dependencies-accessors) has last been fully cleaned up 12 hours ago
2026-07-02T09:52:29.131+0000 [DEBUG] [org.gradle.cache.internal.DefaultCacheCleanupExecutor] Skipping cleanup for dependencies-accessors (/data/data/com.termux/files/home/.gradle/caches/8.14.3/dependencies-accessors) as it is not yet due
2026-07-02T09:52:29.132+0000 [DEBUG] [org.gradle.cache.internal.DefaultCacheCoordinator] Cache dependencies-accessors (/data/data/com.termux/files/home/.gradle/caches/8.14.3/dependencies-accessors) was closed 0 times.
2026-07-02T09:52:29.142+0000 [DEBUG] [org.gradle.launcher.daemon.server.exec.ExecuteBuild] The daemon has finished executing the build.
2026-07-02T09:52:29.420+0000 [DEBUG] [org.gradle.launcher.daemon.client.DaemonClientConnection] thread 1: dispatching class org.gradle.launcher.daemon.protocol.CloseInput
2026-07-02T09:52:29.422+0000 [DEBUG] [org.gradle.launcher.daemon.client.DaemonClient] Received result Success[value=org.gradle.launcher.exec.BuildActionResult@15351c4] from daemon DaemonInfo{pid=10966, address=[401b262f-17b1-4b1f-b249-7ea8ddd92d24 port:44939, addresses:[/127.0.0.1]], state=Idle, lastBusy=1782985935997, context=DefaultDaemonContext[uid=426ca4a0-35c2-4144-9cce-9e58620c682d,javaHome=/data/data/com.termux/files/usr/lib/jvm/java-21-openjdk,javaVersion=21,javaVendor=Termux,daemonRegistryDir=/data/data/com.termux/files/home/.gradle/daemon,pid=10966,idleTimeout=10800000,priority=NORMAL,applyInstrumentationAgent=true,nativeServicesMode=ENABLED,daemonOpts=-Xmx1024M,-Dfile.encoding=UTF-8,-Duser.country,-Duser.language=en,-Duser.variant]} (build should be done).
2026-07-02T09:52:29.423+0000 [DEBUG] [org.gradle.launcher.daemon.client.DaemonClientConnection] thread 1: dispatching class org.gradle.launcher.daemon.protocol.Finished
2026-07-02T09:52:29.424+0000 [DEBUG] [org.gradle.launcher.daemon.client.DaemonClientConnection] thread 1: connection stop
2026-07-02T09:52:29.449+0000 [DEBUG] [org.gradle.cache.internal.DefaultCacheCoordinator] Cache cache directory jvms (/data/data/com.termux/files/home/.gradle/caches/8.14.3/jvms) was closed 0 times.
2026-07-02T09:52:29.450+0000 [LIFECYCLE] [org.gradle.launcher.cli.DebugLoggerWarningAction] 
#############################################################################
   WARNING WARNING WARNING WARNING WARNING WARNING WARNING WARNING WARNING

   Debug level logging will leak security sensitive information!

   For more details, please refer to https://docs.gradle.org/8.14.3/userguide/logging.html#sec:debug_security in the Gradle documentation.
#############################################################################

